Mon Jun 05 2017 09:24:17 GMT+0530 (India Standard Time):   GET  /
Mon Jun 05 2017 09:24:28 GMT+0530 (India Standard Time):   GET  /about
Mon Jun 05 2017 09:24:56 GMT+0530 (India Standard Time):   GET  /about
Mon Jun 05 2017 09:44:54 GMT+0530 (India Standard Time):   GET  /
Mon Jun 05 2017 09:44:59 GMT+0530 (India Standard Time):   GET  /
Mon Jun 05 2017 09:45:03 GMT+0530 (India Standard Time):   GET  /home
Mon Jun 05 2017 09:45:09 GMT+0530 (India Standard Time):   GET  /about
Mon Jun 05 2017 09:48:51 GMT+0530 (India Standard Time):   GET  /help.html
Mon Jun 05 2017 09:49:58 GMT+0530 (India Standard Time):   GET  /help.html
Mon Jun 05 2017 09:50:03 GMT+0530 (India Standard Time):   GET  /help.html
Mon Jun 05 2017 09:50:10 GMT+0530 (India Standard Time):   GET  /help.html
Mon Jun 05 2017 09:50:14 GMT+0530 (India Standard Time):   GET  /
Mon Jun 05 2017 09:50:16 GMT+0530 (India Standard Time):   GET  /
Mon Jun 05 2017 09:50:18 GMT+0530 (India Standard Time):   GET  /about
Mon Jun 05 2017 09:50:19 GMT+0530 (India Standard Time):   GET  /
Mon Jun 05 2017 09:50:21 GMT+0530 (India Standard Time):   GET  /about
Mon Jun 05 2017 09:50:26 GMT+0530 (India Standard Time):   GET  /about
Mon Jun 05 2017 09:50:27 GMT+0530 (India Standard Time):   GET  /
Mon Jun 05 2017 09:50:29 GMT+0530 (India Standard Time):   GET  /about
Mon Jun 05 2017 09:50:31 GMT+0530 (India Standard Time):   GET  /
Mon Jun 05 2017 09:50:32 GMT+0530 (India Standard Time):   GET  /about
Mon Jun 05 2017 09:50:38 GMT+0530 (India Standard Time):   GET  /
Mon Jun 05 2017 09:50:39 GMT+0530 (India Standard Time):   GET  /about
Mon Jun 05 2017 09:50:40 GMT+0530 (India Standard Time):   GET  /
Mon Jun 05 2017 20:36:49 GMT+0530 (India Standard Time):   GET  /
Mon Jun 05 2017 20:36:49 GMT+0530 (India Standard Time):   GET  /favicon.ico
Mon Jun 05 2017 20:36:51 GMT+0530 (India Standard Time):   GET  /about
Mon Jun 05 2017 20:36:52 GMT+0530 (India Standard Time):   GET  /
Mon Jun 05 2017 20:36:53 GMT+0530 (India Standard Time):   GET  /about
